<?xml version="1.0" encoding="utf-8"?><testsuites name="pytest tests"><testsuite name="pytest" errors="0" failures="0" skipped="0" tests="33" time="142.623" timestamp="2026-06-27T06:49:09.874306+00:00" hostname="agent-env-48c1712f-e3c4-4ded-a113-9de8c8b94b00"><testcase classname="tests.test_messages.TestHealth" name="test_root" time="0.218" /><testcase classname="tests.test_messages.TestMessages" name="test_create_returns_id_and_timestamp" time="0.129" /><testcase classname="tests.test_messages.TestMessages" name="test_create_persists_via_get" time="0.479" /><testcase classname="tests.test_messages.TestMessages" name="test_count_total_and_today" time="0.266" /><testcase classname="tests.test_messages.TestMessages" name="test_delete_all_clears" time="0.222" /><testcase classname="tests.test_messages.TestValidation" name="test_reject_empty_nickname" time="0.130" /><testcase classname="tests.test_messages.TestValidation" name="test_reject_empty_message" time="0.128" /><testcase classname="tests.test_messages.TestValidation" name="test_reject_whitespace_only_nickname" time="0.208" /><testcase classname="tests.test_messages.TestValidation" name="test_reject_whitespace_only_message" time="0.125" /><testcase classname="tests.test_messages.TestValidation" name="test_reject_nickname_too_long" time="0.130" /><testcase classname="tests.test_messages.TestValidation" name="test_reject_message_too_long" time="0.204" /><testcase classname="tests.test_messages.TestValidation" name="test_accept_boundary_lengths" time="0.317" /><testcase classname="tests.test_messages.TestValidation" name="test_whitespace_padded_stripped_and_stored" time="0.215" /><testcase classname="tests.test_messages.TestReactions" name="test_react_allowed_emoji_increments" time="0.387" /><testcase classname="tests.test_messages.TestReactions" name="test_react_multiple_emojis" time="0.431" /><testcase classname="tests.test_messages.TestReactions" name="test_react_disallowed_emoji_returns_400" time="0.198" /><testcase classname="tests.test_messages.TestReactions" name="test_react_nonexistent_message_returns_404" time="0.305" /><testcase classname="tests.test_messages.TestSSE" name="test_stream_content_type_and_hello" time="0.179" /><testcase classname="tests.test_iteration3.TestNativeDatetime" name="test_post_stores_native_datetime_in_mongo" time="0.235" /><testcase classname="tests.test_iteration3.TestNativeDatetime" name="test_get_returns_iso_string_in_json" time="0.178" /><testcase classname="tests.test_iteration3.TestNativeDatetime" name="test_ascending_sort_with_native_datetime" time="0.445" /><testcase classname="tests.test_iteration3.TestNativeDatetime" name="test_count_today_uses_datetime" time="0.177" /><testcase classname="tests.test_iteration3.TestStartupMigration" name="test_string_timestamp_migrated_to_datetime_on_startup" time="33.302" /><testcase classname="tests.test_iteration3.TestIteration2Regression" name="test_whitespace_only_rejected" time="0.168" /><testcase classname="tests.test_iteration3.TestIteration2Regression" name="test_react_allowed_increments" time="0.218" /><testcase classname="tests.test_iteration3.TestIteration2Regression" name="test_react_disallowed_returns_400" time="0.175" /><testcase classname="tests.test_iteration3.TestIteration2Regression" name="test_react_unknown_id_returns_404" time="0.169" /><testcase classname="tests.test_iteration3.TestIteration2Regression" name="test_sse_hello_event" time="0.250" /><testcase classname="tests.test_iteration4.TestCsvExport" name="test_headers_and_filename" time="0.221" /><testcase classname="tests.test_iteration4.TestCsvExport" name="test_empty_returns_header_only" time="0.128" /><testcase classname="tests.test_iteration4.TestCsvExport" name="test_with_data_totals_and_emoji_columns" time="0.383" /><testcase classname="tests.test_iteration4.TestReactRateLimit" name="test_30_succeed_31st_returns_429_with_retry_after" time="34.534" /><testcase classname="tests.test_iteration4.TestReactRateLimit" name="test_rate_limit_resets_after_window" time="67.601" /></testsuite></testsuites>