<?xml version="1.0" encoding="utf-8"?><testsuites name="pytest tests"><testsuite name="pytest" errors="0" failures="0" skipped="0" tests="10" time="35.650" timestamp="2026-06-27T06:27:37.759869+00:00" hostname="agent-env-48c1712f-e3c4-4ded-a113-9de8c8b94b00"><testcase classname="tests.test_iteration3.TestNativeDatetime" name="test_post_stores_native_datetime_in_mongo" time="0.353" /><testcase classname="tests.test_iteration3.TestNativeDatetime" name="test_get_returns_iso_string_in_json" time="0.194" /><testcase classname="tests.test_iteration3.TestNativeDatetime" name="test_ascending_sort_with_native_datetime" time="0.449" /><testcase classname="tests.test_iteration3.TestNativeDatetime" name="test_count_today_uses_datetime" time="0.175" /><testcase classname="tests.test_iteration3.TestStartupMigration" name="test_string_timestamp_migrated_to_datetime_on_startup" time="33.298" /><testcase classname="tests.test_iteration3.TestIteration2Regression" name="test_whitespace_only_rejected" time="0.127" /><testcase classname="tests.test_iteration3.TestIteration2Regression" name="test_react_allowed_increments" time="0.219" /><testcase classname="tests.test_iteration3.TestIteration2Regression" name="test_react_disallowed_returns_400" time="0.213" /><testcase classname="tests.test_iteration3.TestIteration2Regression" name="test_react_unknown_id_returns_404" time="0.210" /><testcase classname="tests.test_iteration3.TestIteration2Regression" name="test_sse_hello_event" time="0.267" /></testsuite></testsuites>