<?xml version="1.0" encoding="utf-8"?><testsuites name="pytest tests"><testsuite name="pytest" errors="0" failures="0" skipped="0" tests="2" time="93.488" timestamp="2026-06-27T06:47:32.038643+00:00" hostname="agent-env-48c1712f-e3c4-4ded-a113-9de8c8b94b00"><testcase classname="tests.test_iteration4.TestReactRateLimit" name="test_30_succeed_31st_returns_429_with_retry_after" time="25.976" /><testcase classname="tests.test_iteration4.TestReactRateLimit" name="test_rate_limit_resets_after_window" time="67.454" /></testsuite></testsuites>