<?xml version="1.0" encoding="utf-8"?><testsuites name="pytest tests"><testsuite name="pytest" errors="0" failures="2" skipped="0" tests="5" time="73.571" timestamp="2026-06-27T06:40:43.993133+00:00" hostname="agent-env-48c1712f-e3c4-4ded-a113-9de8c8b94b00"><testcase classname="tests.test_iteration4.TestCsvExport" name="test_headers_and_filename" time="32.990" /><testcase classname="tests.test_iteration4.TestCsvExport" name="test_empty_returns_header_only" time="0.131" /><testcase classname="tests.test_iteration4.TestCsvExport" name="test_with_data_totals_and_emoji_columns" time="0.366" /><testcase classname="tests.test_iteration4.TestReactRateLimit" name="test_30_succeed_31st_returns_429_with_retry_after" time="5.249"><failure message="AssertionError: expected 429, got 200: {&quot;id&quot;:&quot;93bfdaff-b1e5-46fc-961a-7816a4697782&quot;,&quot;nickname&quot;:&quot;TEST_rl&quot;,&quot;message&quot;:&quot;rl&quot;,&quot;timestamp&quot;:&quot;2026-06-27T06:41:20.692000Z&quot;,&quot;reactions&quot;:{&quot;🔥&quot;:31}}&#10;assert 200 == 429&#10; +  where 200 = &lt;Response [200]&gt;.status_code">backend/tests/test_iteration4.py:133: in test_30_succeed_31st_returns_429_with_retry_after
    assert r.status_code == 429, f"expected 429, got {r.status_code}: {r.text}"
E   AssertionError: expected 429, got 200: {"id":"93bfdaff-b1e5-46fc-961a-7816a4697782","nickname":"TEST_rl","message":"rl","timestamp":"2026-06-27T06:41:20.692000Z","reactions":{"🔥":31}}
E   assert 200 == 429
E    +  where 200 = &lt;Response [200]&gt;.status_code</failure></testcase><testcase classname="tests.test_iteration4.TestReactRateLimit" name="test_rate_limit_resets_after_window" time="34.732"><failure message="assert 200 == 429&#10; +  where 200 = &lt;Response [200]&gt;.status_code">backend/tests/test_iteration4.py:158: in test_rate_limit_resets_after_window
    assert r.status_code == 429
E   assert 200 == 429
E    +  where 200 = &lt;Response [200]&gt;.status_code</failure></testcase></testsuite></testsuites>