<?xml version="1.0" encoding="utf-8"?><testsuites name="pytest tests"><testsuite name="pytest" errors="0" failures="0" skipped="0" tests="18" time="3.910" timestamp="2026-06-27T06:15:57.359300+00:00" hostname="agent-env-48c1712f-e3c4-4ded-a113-9de8c8b94b00"><testcase classname="tests.test_messages.TestHealth" name="test_root" time="0.271" /><testcase classname="tests.test_messages.TestMessages" name="test_create_returns_id_and_timestamp" time="0.152" /><testcase classname="tests.test_messages.TestMessages" name="test_create_persists_via_get" time="0.312" /><testcase classname="tests.test_messages.TestMessages" name="test_count_total_and_today" time="0.318" /><testcase classname="tests.test_messages.TestMessages" name="test_delete_all_clears" time="0.252" /><testcase classname="tests.test_messages.TestValidation" name="test_reject_empty_nickname" time="0.148" /><testcase classname="tests.test_messages.TestValidation" name="test_reject_empty_message" time="0.151" /><testcase classname="tests.test_messages.TestValidation" name="test_reject_whitespace_only_nickname" time="0.147" /><testcase classname="tests.test_messages.TestValidation" name="test_reject_whitespace_only_message" time="0.168" /><testcase classname="tests.test_messages.TestValidation" name="test_reject_nickname_too_long" time="0.150" /><testcase classname="tests.test_messages.TestValidation" name="test_reject_message_too_long" time="0.164" /><testcase classname="tests.test_messages.TestValidation" name="test_accept_boundary_lengths" time="0.149" /><testcase classname="tests.test_messages.TestValidation" name="test_whitespace_padded_stripped_and_stored" time="0.202" /><testcase classname="tests.test_messages.TestReactions" name="test_react_allowed_emoji_increments" time="0.307" /><testcase classname="tests.test_messages.TestReactions" name="test_react_multiple_emojis" time="0.396" /><testcase classname="tests.test_messages.TestReactions" name="test_react_disallowed_emoji_returns_400" time="0.198" /><testcase classname="tests.test_messages.TestReactions" name="test_react_nonexistent_message_returns_404" time="0.151" /><testcase classname="tests.test_messages.TestSSE" name="test_stream_content_type_and_hello" time="0.200" /></testsuite></testsuites>